<?xml version="1.0" encoding="UTF-8"?>
<testng-results ignored="2" total="6" passed="4" failed="0" skipped="0">
  <reporter-output>
  </reporter-output>
  <suite started-at="2024-10-07T22:21:19 IST" name="Annotation" finished-at="2024-10-07T22:21:19 IST" duration-ms="60">
    <groups>
      <group name="smoke">
        <method signature="ConfigurationAnnotation_1.test1()[pri:0, instance:selenium.ConfigurationAnnotation_1@6379eb]" name="test1" class="selenium.ConfigurationAnnotation_1"/>
        <method signature="ConfigurationAnnotation_2_ListBox.test1()[pri:0, instance:selenium.ConfigurationAnnotation_2_ListBox@5c33f1a9]" name="test1" class="selenium.ConfigurationAnnotation_2_ListBox"/>
        <method signature="ConfigurationAnnotation_2_ListBox.test2()[pri:0, instance:selenium.ConfigurationAnnotation_2_ListBox@5c33f1a9]" name="test2" class="selenium.ConfigurationAnnotation_2_ListBox"/>
        <method signature="ConfigurationAnnotation_2_ListBox.test3()[pri:0, instance:selenium.ConfigurationAnnotation_2_ListBox@5c33f1a9]" name="test3" class="selenium.ConfigurationAnnotation_2_ListBox"/>
      </group> <!-- smoke -->
    </groups>
    <test started-at="2024-10-07T22:21:19 IST" name="Run Group annotation" finished-at="2024-10-07T22:21:19 IST" duration-ms="60">
      <class name="selenium.ConfigurationAnnotation_1">
        <test-method signature="test1()[pri:0, instance:selenium.ConfigurationAnnotation_1@6379eb]" started-at="2024-10-07T22:21:19 IST" name="test1" finished-at="2024-10-07T22:21:19 IST" duration-ms="6" status="PASS">
          <reporter-output>
          </reporter-output>
        </test-method> <!-- test1 -->
      </class> <!-- selenium.ConfigurationAnnotation_1 -->
      <class name="selenium.ConfigurationAnnotation_2_ListBox">
        <test-method is-config="true" signature="beforeSuite()[pri:0, instance:selenium.ConfigurationAnnotation_2_ListBox@5c33f1a9]" started-at="2024-10-07T22:21:19 IST" name="beforeSuite" finished-at="2024-10-07T22:21:19 IST" duration-ms="9" status="PASS">
          <reporter-output>
          </reporter-output>
        </test-method> <!-- beforeSuite -->
        <test-method is-config="true" signature="beforTest()[pri:0, instance:selenium.ConfigurationAnnotation_2_ListBox@5c33f1a9]" started-at="2024-10-07T22:21:19 IST" name="beforTest" finished-at="2024-10-07T22:21:19 IST" duration-ms="0" status="PASS">
          <reporter-output>
          </reporter-output>
        </test-method> <!-- beforTest -->
        <test-method is-config="true" signature="beforClasss()[pri:0, instance:selenium.ConfigurationAnnotation_2_ListBox@5c33f1a9]" started-at="2024-10-07T22:21:19 IST" name="beforClasss" finished-at="2024-10-07T22:21:19 IST" duration-ms="1" status="PASS">
          <reporter-output>
          </reporter-output>
        </test-method> <!-- beforClasss -->
        <test-method is-config="true" signature="befoeMethod()[pri:0, instance:selenium.ConfigurationAnnotation_2_ListBox@5c33f1a9]" started-at="2024-10-07T22:21:19 IST" name="befoeMethod" finished-at="2024-10-07T22:21:19 IST" duration-ms="0" status="PASS">
          <reporter-output>
          </reporter-output>
        </test-method> <!-- befoeMethod -->
        <test-method signature="test1()[pri:0, instance:selenium.ConfigurationAnnotation_2_ListBox@5c33f1a9]" started-at="2024-10-07T22:21:19 IST" name="test1" finished-at="2024-10-07T22:21:19 IST" duration-ms="1" status="PASS">
          <reporter-output>
          </reporter-output>
        </test-method> <!-- test1 -->
        <test-method is-config="true" signature="afterMethod()[pri:0, instance:selenium.ConfigurationAnnotation_2_ListBox@5c33f1a9]" started-at="2024-10-07T22:21:19 IST" name="afterMethod" finished-at="2024-10-07T22:21:19 IST" duration-ms="1" status="PASS">
          <reporter-output>
          </reporter-output>
        </test-method> <!-- afterMethod -->
        <test-method is-config="true" signature="befoeMethod()[pri:0, instance:selenium.ConfigurationAnnotation_2_ListBox@5c33f1a9]" started-at="2024-10-07T22:21:19 IST" name="befoeMethod" finished-at="2024-10-07T22:21:19 IST" duration-ms="1" status="PASS">
          <reporter-output>
          </reporter-output>
        </test-method> <!-- befoeMethod -->
        <test-method signature="test2()[pri:0, instance:selenium.ConfigurationAnnotation_2_ListBox@5c33f1a9]" started-at="2024-10-07T22:21:19 IST" name="test2" finished-at="2024-10-07T22:21:19 IST" duration-ms="2" status="PASS">
          <reporter-output>
          </reporter-output>
        </test-method> <!-- test2 -->
        <test-method is-config="true" signature="afterMethod()[pri:0, instance:selenium.ConfigurationAnnotation_2_ListBox@5c33f1a9]" started-at="2024-10-07T22:21:19 IST" name="afterMethod" finished-at="2024-10-07T22:21:19 IST" duration-ms="0" status="PASS">
          <reporter-output>
          </reporter-output>
        </test-method> <!-- afterMethod -->
        <test-method is-config="true" signature="befoeMethod()[pri:0, instance:selenium.ConfigurationAnnotation_2_ListBox@5c33f1a9]" started-at="2024-10-07T22:21:19 IST" name="befoeMethod" finished-at="2024-10-07T22:21:19 IST" duration-ms="0" status="PASS">
          <reporter-output>
          </reporter-output>
        </test-method> <!-- befoeMethod -->
        <test-method signature="test3()[pri:0, instance:selenium.ConfigurationAnnotation_2_ListBox@5c33f1a9]" started-at="2024-10-07T22:21:19 IST" name="test3" finished-at="2024-10-07T22:21:19 IST" duration-ms="1" status="PASS">
          <reporter-output>
          </reporter-output>
        </test-method> <!-- test3 -->
        <test-method is-config="true" signature="afterMethod()[pri:0, instance:selenium.ConfigurationAnnotation_2_ListBox@5c33f1a9]" started-at="2024-10-07T22:21:19 IST" name="afterMethod" finished-at="2024-10-07T22:21:19 IST" duration-ms="1" status="PASS">
          <reporter-output>
          </reporter-output>
        </test-method> <!-- afterMethod -->
        <test-method is-config="true" signature="afterClasss()[pri:0, instance:selenium.ConfigurationAnnotation_2_ListBox@5c33f1a9]" started-at="2024-10-07T22:21:19 IST" name="afterClasss" finished-at="2024-10-07T22:21:19 IST" duration-ms="1" status="PASS">
          <reporter-output>
          </reporter-output>
        </test-method> <!-- afterClasss -->
        <test-method is-config="true" signature="afterTest()[pri:0, instance:selenium.ConfigurationAnnotation_2_ListBox@5c33f1a9]" started-at="2024-10-07T22:21:19 IST" name="afterTest" finished-at="2024-10-07T22:21:19 IST" duration-ms="0" status="PASS">
          <reporter-output>
          </reporter-output>
        </test-method> <!-- afterTest -->
        <test-method is-config="true" signature="afterSuite()[pri:0, instance:selenium.ConfigurationAnnotation_2_ListBox@5c33f1a9]" started-at="2024-10-07T22:21:19 IST" name="afterSuite" finished-at="2024-10-07T22:21:19 IST" duration-ms="0" status="PASS">
          <reporter-output>
          </reporter-output>
        </test-method> <!-- afterSuite -->
      </class> <!-- selenium.ConfigurationAnnotation_2_ListBox -->
    </test> <!-- Run Group annotation -->
  </suite> <!-- Annotation -->
</testng-results>
