<?xml version="1.0" encoding="UTF-8"?>
<!-- Generated by org.testng.reporters.JUnitXMLReporter -->
<testsuite ignored="2" hostname="Kripalu-Kunj" failures="0" tests="4" name="Run methods " time="0.04" errors="0" timestamp="2024-10-06T21:04:39 IST">
  <testcase classname="selenium.ConfigurationAnnotation_1" name="test2" time="0.005"/>
  <testcase classname="selenium.ConfigurationAnnotation_2_ListBox" name="test1" time="0.001"/>
  <testcase classname="selenium.ConfigurationAnnotation_2_ListBox" name="test2" time="0.002"/>
  <testcase classname="selenium.ConfigurationAnnotation_2_ListBox" name="test3" time="0.001"/>
  <testcase classname="selenium.ConfigurationAnnotation_1" name="test1" time="0.0">
    <ignored/>
  </testcase> <!-- test1 -->
  <testcase classname="selenium.ConfigurationAnnotation_1" name="test3" time="0.0">
    <ignored/>
  </testcase> <!-- test3 -->
</testsuite> <!-- Run methods  -->
