<?xml version="1.0" encoding="UTF-8"?>
<!-- Generated by org.testng.reporters.JUnitXMLReporter -->
<testsuite ignored="0" hostname="Kripalu-Kunj" failures="0" tests="6" name="Run class annotation" time="0.038" errors="0" timestamp="2024-10-06T21:23:43 IST">
  <testcase classname="selenium.ConfigurationAnnotation_1" name="test1" time="0.003"/>
  <testcase classname="selenium.ConfigurationAnnotation_1" name="test2" time="0.002"/>
  <testcase classname="selenium.ConfigurationAnnotation_1" name="test3" time="0.0"/>
  <testcase classname="selenium.ConfigurationAnnotation_2_ListBox" name="test1" time="0.0"/>
  <testcase classname="selenium.ConfigurationAnnotation_2_ListBox" name="test2" time="0.001"/>
  <testcase classname="selenium.ConfigurationAnnotation_2_ListBox" name="test3" time="0.0"/>
</testsuite> <!-- Run class annotation -->
